<?xml version="1.0" encoding="UTF-8"?>
<testsuite xmlns:xsi="http://www.w3.org/2001/XMLSchema-instance" xsi:noNamespaceSchemaLocation="https://maven.apache.org/surefire/maven-surefire-plugin/xsd/surefire-test-report.xsd" name="examples.ExamplesTest" time="3.427" tests="1" errors="0" skipped="0" failures="1">
  <properties>
    <property name="sun.desktop" value="windows"/>
    <property name="awt.toolkit" value="sun.awt.windows.WToolkit"/>
    <property name="file.encoding.pkg" value="sun.io"/>
    <property name="java.specification.version" value="1.8"/>
    <property name="sun.cpu.isalist" value="amd64"/>
    <property name="sun.jnu.encoding" value="Cp1252"/>
    <property name="java.class.path" value="C:\Users\charl\Documents\KarateGit\AppPerformanceTester\AppPerformanceTester\target\test-classes;C:\Users\charl\Documents\KarateGit\AppPerformanceTester\AppPerformanceTester\target\classes;C:\Users\charl\.m2\repository\com\intuit\karate\karate-junit5\1.1.0\karate-junit5-1.1.0.jar;C:\Users\charl\.m2\repository\com\intuit\karate\karate-core\1.1.0\karate-core-1.1.0.jar;C:\Users\charl\.m2\repository\org\graalvm\js\js-scriptengine\21.2.0\js-scriptengine-21.2.0.jar;C:\Users\charl\.m2\repository\org\graalvm\sdk\graal-sdk\21.2.0\graal-sdk-21.2.0.jar;C:\Users\charl\.m2\repository\org\graalvm\js\js\21.2.0\js-21.2.0.jar;C:\Users\charl\.m2\repository\org\graalvm\regex\regex\21.2.0\regex-21.2.0.jar;C:\Users\charl\.m2\repository\org\graalvm\truffle\truffle-api\21.2.0\truffle-api-21.2.0.jar;C:\Users\charl\.m2\repository\com\ibm\icu\icu4j\69.1\icu4j-69.1.jar;C:\Users\charl\.m2\repository\ch\qos\logback\logback-classic\1.2.3\logback-classic-1.2.3.jar;C:\Users\charl\.m2\repository\ch\qos\logback\logback-core\1.2.3\logback-core-1.2.3.jar;C:\Users\charl\.m2\repository\org\slf4j\jcl-over-slf4j\1.7.25\jcl-over-slf4j-1.7.25.jar;C:\Users\charl\.m2\repository\com\jayway\jsonpath\json-path\2.6.0\json-path-2.6.0.jar;C:\Users\charl\.m2\repository\net\minidev\json-smart\2.4.7\json-smart-2.4.7.jar;C:\Users\charl\.m2\repository\net\minidev\accessors-smart\2.4.7\accessors-smart-2.4.7.jar;C:\Users\charl\.m2\repository\org\ow2\asm\asm\9.1\asm-9.1.jar;C:\Users\charl\.m2\repository\info\cukes\cucumber-java\1.2.5\cucumber-java-1.2.5.jar;C:\Users\charl\.m2\repository\info\cukes\cucumber-core\1.2.5\cucumber-core-1.2.5.jar;C:\Users\charl\.m2\repository\org\yaml\snakeyaml\1.29\snakeyaml-1.29.jar;C:\Users\charl\.m2\repository\de\siegmar\fastcsv\2.0.0\fastcsv-2.0.0.jar;C:\Users\charl\.m2\repository\info\picocli\picocli\4.6.1\picocli-4.6.1.jar;C:\Users\charl\.m2\repository\org\junit\jupiter\junit-jupiter-api\5.7.2\junit-jupiter-api-5.7.2.jar;C:\Users\charl\.m2\repository\org\apiguardian\apiguardian-api\1.1.0\apiguardian-api-1.1.0.jar;C:\Users\charl\.m2\repository\org\opentest4j\opentest4j\1.2.0\opentest4j-1.2.0.jar;C:\Users\charl\.m2\repository\org\junit\platform\junit-platform-commons\1.7.2\junit-platform-commons-1.7.2.jar;C:\Users\charl\.m2\repository\org\junit\jupiter\junit-jupiter-engine\5.7.2\junit-jupiter-engine-5.7.2.jar;C:\Users\charl\.m2\repository\org\junit\platform\junit-platform-engine\1.7.2\junit-platform-engine-1.7.2.jar;C:\Users\charl\.m2\repository\net\masterthought\cucumber-reporting\5.6.0\cucumber-reporting-5.6.0.jar;C:\Users\charl\.m2\repository\com\fasterxml\jackson\core\jackson-databind\2.12.1\jackson-databind-2.12.1.jar;C:\Users\charl\.m2\repository\com\fasterxml\jackson\core\jackson-annotations\2.12.1\jackson-annotations-2.12.1.jar;C:\Users\charl\.m2\repository\com\fasterxml\jackson\core\jackson-core\2.12.1\jackson-core-2.12.1.jar;C:\Users\charl\.m2\repository\com\fasterxml\jackson\datatype\jackson-datatype-jsr310\2.12.1\jackson-datatype-jsr310-2.12.1.jar;C:\Users\charl\.m2\repository\org\apache\velocity\velocity-engine-core\2.3\velocity-engine-core-2.3.jar;C:\Users\charl\.m2\repository\org\slf4j\slf4j-api\1.7.30\slf4j-api-1.7.30.jar;C:\Users\charl\.m2\repository\commons-collections\commons-collections\3.2.2\commons-collections-3.2.2.jar;C:\Users\charl\.m2\repository\joda-time\joda-time\2.10.10\joda-time-2.10.10.jar;C:\Users\charl\.m2\repository\org\apache\commons\commons-lang3\3.12.0\commons-lang3-3.12.0.jar;C:\Users\charl\.m2\repository\commons-io\commons-io\2.7\commons-io-2.7.jar;C:\Users\charl\.m2\repository\org\codehaus\plexus\plexus-utils\3.3.0\plexus-utils-3.3.0.jar;C:\Users\charl\.m2\repository\org\jsoup\jsoup\1.14.2\jsoup-1.14.2.jar;C:\Users\charl\.m2\repository\com\google\guava\guava\30.1.1-jre\guava-30.1.1-jre.jar;C:\Users\charl\.m2\repository\com\google\guava\failureaccess\1.0.1\failureaccess-1.0.1.jar;C:\Users\charl\.m2\repository\com\google\guava\listenablefuture\9999.0-empty-to-avoid-conflict-with-guava\listenablefuture-9999.0-empty-to-avoid-conflict-with-guava.jar;C:\Users\charl\.m2\repository\com\google\code\findbugs\jsr305\3.0.2\jsr305-3.0.2.jar;C:\Users\charl\.m2\repository\org\checkerframework\checker-qual\3.8.0\checker-qual-3.8.0.jar;C:\Users\charl\.m2\repository\com\google\errorprone\error_prone_annotations\2.5.1\error_prone_annotations-2.5.1.jar;C:\Users\charl\.m2\repository\com\google\j2objc\j2objc-annotations\1.3\j2objc-annotations-1.3.jar;C:\Users\charl\.m2\repository\com\googlecode\owasp-java-html-sanitizer\owasp-java-html-sanitizer\20200713.1\owasp-java-html-sanitizer-20200713.1.jar;C:\Users\charl\.m2\repository\commons-configuration\commons-configuration\1.10\commons-configuration-1.10.jar;C:\Users\charl\.m2\repository\commons-lang\commons-lang\2.6\commons-lang-2.6.jar;C:\Users\charl\.m2\repository\commons-logging\commons-logging\1.1.1\commons-logging-1.1.1.jar;C:\Users\charl\.m2\repository\com\github\javafaker\javafaker\1.0.2\javafaker-1.0.2.jar;C:\Users\charl\.m2\repository\org\yaml\snakeyaml\1.23\snakeyaml-1.23-android.jar;C:\Users\charl\.m2\repository\com\github\mifmif\generex\1.0.2\generex-1.0.2.jar;C:\Users\charl\.m2\repository\dk\brics\automaton\automaton\1.11-8\automaton-1.11-8.jar;"/>
    <property name="java.vm.vendor" value="Oracle Corporation"/>
    <property name="sun.arch.data.model" value="64"/>
    <property name="user.variant" value=""/>
    <property name="java.vendor.url" value="http://java.oracle.com/"/>
    <property name="user.timezone" value="Europe/Paris"/>
    <property name="java.vm.specification.version" value="1.8"/>
    <property name="os.name" value="Windows 10"/>
    <property name="user.country" value="SE"/>
    <property name="sun.java.launcher" value="SUN_STANDARD"/>
    <property name="sun.boot.library.path" value="C:\Program Files\Java\jdk1.8.0_301\jre\bin"/>
    <property name="sun.java.command" value="C:\Users\charl\AppData\Local\Temp\surefire4701356818773489505\surefirebooter2106774266079773280.jar C:\Users\charl\AppData\Local\Temp\surefire4701356818773489505 2021-09-21T21-25-22_383-jvmRun1 surefire6871398351009077079tmp surefire_06022763826332063544tmp"/>
    <property name="surefire.test.class.path" value="C:\Users\charl\Documents\KarateGit\AppPerformanceTester\AppPerformanceTester\target\test-classes;C:\Users\charl\Documents\KarateGit\AppPerformanceTester\AppPerformanceTester\target\classes;C:\Users\charl\.m2\repository\com\intuit\karate\karate-junit5\1.1.0\karate-junit5-1.1.0.jar;C:\Users\charl\.m2\repository\com\intuit\karate\karate-core\1.1.0\karate-core-1.1.0.jar;C:\Users\charl\.m2\repository\org\graalvm\js\js-scriptengine\21.2.0\js-scriptengine-21.2.0.jar;C:\Users\charl\.m2\repository\org\graalvm\sdk\graal-sdk\21.2.0\graal-sdk-21.2.0.jar;C:\Users\charl\.m2\repository\org\graalvm\js\js\21.2.0\js-21.2.0.jar;C:\Users\charl\.m2\repository\org\graalvm\regex\regex\21.2.0\regex-21.2.0.jar;C:\Users\charl\.m2\repository\org\graalvm\truffle\truffle-api\21.2.0\truffle-api-21.2.0.jar;C:\Users\charl\.m2\repository\com\ibm\icu\icu4j\69.1\icu4j-69.1.jar;C:\Users\charl\.m2\repository\ch\qos\logback\logback-classic\1.2.3\logback-classic-1.2.3.jar;C:\Users\charl\.m2\repository\ch\qos\logback\logback-core\1.2.3\logback-core-1.2.3.jar;C:\Users\charl\.m2\repository\org\slf4j\jcl-over-slf4j\1.7.25\jcl-over-slf4j-1.7.25.jar;C:\Users\charl\.m2\repository\com\jayway\jsonpath\json-path\2.6.0\json-path-2.6.0.jar;C:\Users\charl\.m2\repository\net\minidev\json-smart\2.4.7\json-smart-2.4.7.jar;C:\Users\charl\.m2\repository\net\minidev\accessors-smart\2.4.7\accessors-smart-2.4.7.jar;C:\Users\charl\.m2\repository\org\ow2\asm\asm\9.1\asm-9.1.jar;C:\Users\charl\.m2\repository\info\cukes\cucumber-java\1.2.5\cucumber-java-1.2.5.jar;C:\Users\charl\.m2\repository\info\cukes\cucumber-core\1.2.5\cucumber-core-1.2.5.jar;C:\Users\charl\.m2\repository\org\yaml\snakeyaml\1.29\snakeyaml-1.29.jar;C:\Users\charl\.m2\repository\de\siegmar\fastcsv\2.0.0\fastcsv-2.0.0.jar;C:\Users\charl\.m2\repository\info\picocli\picocli\4.6.1\picocli-4.6.1.jar;C:\Users\charl\.m2\repository\org\junit\jupiter\junit-jupiter-api\5.7.2\junit-jupiter-api-5.7.2.jar;C:\Users\charl\.m2\repository\org\apiguardian\apiguardian-api\1.1.0\apiguardian-api-1.1.0.jar;C:\Users\charl\.m2\repository\org\opentest4j\opentest4j\1.2.0\opentest4j-1.2.0.jar;C:\Users\charl\.m2\repository\org\junit\platform\junit-platform-commons\1.7.2\junit-platform-commons-1.7.2.jar;C:\Users\charl\.m2\repository\org\junit\jupiter\junit-jupiter-engine\5.7.2\junit-jupiter-engine-5.7.2.jar;C:\Users\charl\.m2\repository\org\junit\platform\junit-platform-engine\1.7.2\junit-platform-engine-1.7.2.jar;C:\Users\charl\.m2\repository\net\masterthought\cucumber-reporting\5.6.0\cucumber-reporting-5.6.0.jar;C:\Users\charl\.m2\repository\com\fasterxml\jackson\core\jackson-databind\2.12.1\jackson-databind-2.12.1.jar;C:\Users\charl\.m2\repository\com\fasterxml\jackson\core\jackson-annotations\2.12.1\jackson-annotations-2.12.1.jar;C:\Users\charl\.m2\repository\com\fasterxml\jackson\core\jackson-core\2.12.1\jackson-core-2.12.1.jar;C:\Users\charl\.m2\repository\com\fasterxml\jackson\datatype\jackson-datatype-jsr310\2.12.1\jackson-datatype-jsr310-2.12.1.jar;C:\Users\charl\.m2\repository\org\apache\velocity\velocity-engine-core\2.3\velocity-engine-core-2.3.jar;C:\Users\charl\.m2\repository\org\slf4j\slf4j-api\1.7.30\slf4j-api-1.7.30.jar;C:\Users\charl\.m2\repository\commons-collections\commons-collections\3.2.2\commons-collections-3.2.2.jar;C:\Users\charl\.m2\repository\joda-time\joda-time\2.10.10\joda-time-2.10.10.jar;C:\Users\charl\.m2\repository\org\apache\commons\commons-lang3\3.12.0\commons-lang3-3.12.0.jar;C:\Users\charl\.m2\repository\commons-io\commons-io\2.7\commons-io-2.7.jar;C:\Users\charl\.m2\repository\org\codehaus\plexus\plexus-utils\3.3.0\plexus-utils-3.3.0.jar;C:\Users\charl\.m2\repository\org\jsoup\jsoup\1.14.2\jsoup-1.14.2.jar;C:\Users\charl\.m2\repository\com\google\guava\guava\30.1.1-jre\guava-30.1.1-jre.jar;C:\Users\charl\.m2\repository\com\google\guava\failureaccess\1.0.1\failureaccess-1.0.1.jar;C:\Users\charl\.m2\repository\com\google\guava\listenablefuture\9999.0-empty-to-avoid-conflict-with-guava\listenablefuture-9999.0-empty-to-avoid-conflict-with-guava.jar;C:\Users\charl\.m2\repository\com\google\code\findbugs\jsr305\3.0.2\jsr305-3.0.2.jar;C:\Users\charl\.m2\repository\org\checkerframework\checker-qual\3.8.0\checker-qual-3.8.0.jar;C:\Users\charl\.m2\repository\com\google\errorprone\error_prone_annotations\2.5.1\error_prone_annotations-2.5.1.jar;C:\Users\charl\.m2\repository\com\google\j2objc\j2objc-annotations\1.3\j2objc-annotations-1.3.jar;C:\Users\charl\.m2\repository\com\googlecode\owasp-java-html-sanitizer\owasp-java-html-sanitizer\20200713.1\owasp-java-html-sanitizer-20200713.1.jar;C:\Users\charl\.m2\repository\commons-configuration\commons-configuration\1.10\commons-configuration-1.10.jar;C:\Users\charl\.m2\repository\commons-lang\commons-lang\2.6\commons-lang-2.6.jar;C:\Users\charl\.m2\repository\commons-logging\commons-logging\1.1.1\commons-logging-1.1.1.jar;C:\Users\charl\.m2\repository\com\github\javafaker\javafaker\1.0.2\javafaker-1.0.2.jar;C:\Users\charl\.m2\repository\org\yaml\snakeyaml\1.23\snakeyaml-1.23-android.jar;C:\Users\charl\.m2\repository\com\github\mifmif\generex\1.0.2\generex-1.0.2.jar;C:\Users\charl\.m2\repository\dk\brics\automaton\automaton\1.11-8\automaton-1.11-8.jar;"/>
    <property name="sun.cpu.endian" value="little"/>
    <property name="user.home" value="C:\Users\charl"/>
    <property name="user.language" value="sv"/>
    <property name="java.specification.vendor" value="Oracle Corporation"/>
    <property name="java.home" value="C:\Program Files\Java\jdk1.8.0_301\jre"/>
    <property name="basedir" value="C:\Users\charl\Documents\KarateGit\AppPerformanceTester\AppPerformanceTester"/>
    <property name="file.separator" value="\"/>
    <property name="line.separator" value="&#10;"/>
    <property name="java.vm.specification.vendor" value="Oracle Corporation"/>
    <property name="java.specification.name" value="Java Platform API Specification"/>
    <property name="java.awt.graphicsenv" value="sun.awt.Win32GraphicsEnvironment"/>
    <property name="surefire.real.class.path" value="C:\Users\charl\AppData\Local\Temp\surefire4701356818773489505\surefirebooter2106774266079773280.jar"/>
    <property name="sun.boot.class.path" value="C:\Program Files\Java\jdk1.8.0_301\jre\lib\resources.jar;C:\Program Files\Java\jdk1.8.0_301\jre\lib\rt.jar;C:\Program Files\Java\jdk1.8.0_301\jre\lib\sunrsasign.jar;C:\Program Files\Java\jdk1.8.0_301\jre\lib\jsse.jar;C:\Program Files\Java\jdk1.8.0_301\jre\lib\jce.jar;C:\Program Files\Java\jdk1.8.0_301\jre\lib\charsets.jar;C:\Program Files\Java\jdk1.8.0_301\jre\lib\jfr.jar;C:\Program Files\Java\jdk1.8.0_301\jre\classes"/>
    <property name="user.script" value=""/>
    <property name="sun.management.compiler" value="HotSpot 64-Bit Tiered Compilers"/>
    <property name="java.runtime.version" value="1.8.0_301-b09"/>
    <property name="user.name" value="charl"/>
    <property name="path.separator" value=";"/>
    <property name="os.version" value="10.0"/>
    <property name="java.endorsed.dirs" value="C:\Program Files\Java\jdk1.8.0_301\jre\lib\endorsed"/>
    <property name="java.runtime.name" value="Java(TM) SE Runtime Environment"/>
    <property name="file.encoding" value="UTF-8"/>
    <property name="java.vm.name" value="Java HotSpot(TM) 64-Bit Server VM"/>
    <property name="localRepository" value="C:\Users\charl\.m2\repository"/>
    <property name="java.vendor.url.bug" value="http://bugreport.sun.com/bugreport/"/>
    <property name="java.io.tmpdir" value="C:\Users\charl\AppData\Local\Temp\"/>
    <property name="java.version" value="1.8.0_301"/>
    <property name="user.dir" value="C:\Users\charl\Documents\KarateGit\AppPerformanceTester\AppPerformanceTester"/>
    <property name="os.arch" value="amd64"/>
    <property name="java.vm.specification.name" value="Java Virtual Machine Specification"/>
    <property name="java.awt.printerjob" value="sun.awt.windows.WPrinterJob"/>
    <property name="sun.os.patch.level" value=""/>
    <property name="java.library.path" value="C:\Program Files\Java\jdk1.8.0_301\jre\bin;C:\Windows\Sun\Java\bin;C:\Windows\system32;C:\Windows;C:\Program Files (x86)\Common Files\Oracle\Java\javapath;C:\Python39\Scripts\;C:\Python39\;C:\Program Files\Java\jdk-17\bin;C:\Windows\system32;C:\Windows;C:\Windows\System32\Wbem;C:\Windows\System32\WindowsPowerShell\v1.0\;C:\Windows\System32\OpenSSH\;C:\Program Files\NVIDIA Corporation\NVIDIA NvDLISR;C:\Program Files (x86)\NVIDIA Corporation\PhysX\Common;C:\Program Files\apache-maven-3.8.2\bin;C:\Program Files\Git\cmd;C:\ProgramData\chocolatey\bin;C:\Program Files (x86)\Yarn\bin\;C:\Program Files\nodejs\;C:\Program Files\Eclipse Foundation\jdk-11.0.12.7-hotspot\bin;C:\Users\charl\AppData\Local\Microsoft\WindowsApps;C:\Users\charl\AppData\Local\Programs\Microsoft VS Code\bin;C:\Users\charl\AppData\Local\Yarn\bin;C:\Users\charl\AppData\Roaming\npm;C:\Users\charl\AppData\Local\GitHubDesktop\bin;."/>
    <property name="java.vm.info" value="mixed mode"/>
    <property name="java.vendor" value="Oracle Corporation"/>
    <property name="java.vm.version" value="25.301-b09"/>
    <property name="java.ext.dirs" value="C:\Program Files\Java\jdk1.8.0_301\jre\lib\ext;C:\Windows\Sun\Java\lib\ext"/>
    <property name="sun.io.unicode.encoding" value="UnicodeLittle"/>
    <property name="java.class.version" value="52.0"/>
  </properties>
  <testcase name="testParallel" classname="examples.ExamplesTest" time="3.424">
    <failure message="status code was: 400, expected: 200, response time in milliseconds: 3, url: http://127.0.0.1:8900/booking, response: &#10;Bad request: date and id empty&#10;classpath:examples/bookings/unclearbooking.feature:26&#10;status code was: 200, expected: 500, response time in milliseconds: 7, url: http://127.0.0.1:8900/booking?date=2021-09-19xyz&amp;id=pepe%40pepe.pe1-0.1, response: &#10;[]&#10;classpath:examples/bookings/unclearbooking.feature:56&#10;status code was: 201, expected: 400, response time in milliseconds: 7, url: http://127.0.0.1:8900/booking, response: &#10;{&quot;idBooking&quot;:&quot;MAD-ARN-0.275751412266237&quot;,&quot;idUser&quot;:&quot;IncorrectDateTestEmail@email.com-0.552965395665666&quot;,&quot;origin&quot;:&quot;MAD&quot;,&quot;destination&quot;:&quot;ARN&quot;,&quot;date&quot;:&quot;2020-02-03 XXX&quot;}&#10;classpath:examples/bookings/unclearbooking.feature:87 ==&gt; expected: &lt;0&gt; but was: &lt;3&gt;" type="org.opentest4j.AssertionFailedError"><![CDATA[org.opentest4j.AssertionFailedError: 
status code was: 400, expected: 200, response time in milliseconds: 3, url: http://127.0.0.1:8900/booking, response: 
Bad request: date and id empty
classpath:examples/bookings/unclearbooking.feature:26
status code was: 200, expected: 500, response time in milliseconds: 7, url: http://127.0.0.1:8900/booking?date=2021-09-19xyz&id=pepe%40pepe.pe1-0.1, response: 
[]
classpath:examples/bookings/unclearbooking.feature:56
status code was: 201, expected: 400, response time in milliseconds: 7, url: http://127.0.0.1:8900/booking, response: 
{"idBooking":"MAD-ARN-0.275751412266237","idUser":"IncorrectDateTestEmail@email.com-0.552965395665666","origin":"MAD","destination":"ARN","date":"2020-02-03 XXX"}
classpath:examples/bookings/unclearbooking.feature:87 ==> expected: <0> but was: <3>
	at examples.ExamplesTest.testParallel(ExamplesTest.java:23)
]]></failure>
    <system-out><![CDATA[21:25:23.491 [main] DEBUG com.intuit.karate.Suite - [config] classpath:karate-config.js
21:25:23.498 [main] DEBUG com.intuit.karate.Suite - waiting for 3 features to complete
21:25:24.135 [pool-1-thread-1] INFO  com.intuit.karate - karate.env system property was: null 
21:25:24.135 [pool-1-thread-3] INFO  com.intuit.karate - karate.env system property was: null 
21:25:24.135 [pool-1-thread-2] INFO  com.intuit.karate - karate.env system property was: null 
21:25:24.135 [pool-1-thread-5] INFO  com.intuit.karate - karate.env system property was: null 
21:25:24.135 [pool-1-thread-4] INFO  com.intuit.karate - karate.env system property was: null 
21:25:24.668 [pool-1-thread-4] DEBUG com.intuit.karate - request:
1 > GET http://127.0.0.1:8900/booking?date=2021-09-21
1 > Host: 127.0.0.1:8900
1 > Connection: Keep-Alive
1 > User-Agent: Apache-HttpClient/4.5.13 (Java/1.8.0_301)
1 > Accept-Encoding: gzip,deflate


21:25:24.668 [pool-1-thread-3] DEBUG com.intuit.karate - request:
1 > GET http://127.0.0.1:8900/booking?id=pepe%40pepe.pe1-0.1
1 > Host: 127.0.0.1:8900
1 > Connection: Keep-Alive
1 > User-Agent: Apache-HttpClient/4.5.13 (Java/1.8.0_301)
1 > Accept-Encoding: gzip,deflate


21:25:24.668 [pool-1-thread-5] DEBUG com.intuit.karate - request:
1 > GET http://127.0.0.1:8900/booking?date=2021-09-21&id=pepe%40pepe.pe1-0.1
1 > Host: 127.0.0.1:8900
1 > Connection: Keep-Alive
1 > User-Agent: Apache-HttpClient/4.5.13 (Java/1.8.0_301)
1 > Accept-Encoding: gzip,deflate


21:25:24.669 [pool-1-thread-1] DEBUG com.intuit.karate - request:
1 > POST http://127.0.0.1:8900/booking
1 > Content-Type: application/json; charset=UTF-8
1 > Content-Length: 81
1 > Host: 127.0.0.1:8900
1 > Connection: Keep-Alive
1 > User-Agent: Apache-HttpClient/4.5.13 (Java/1.8.0_301)
1 > Accept-Encoding: gzip,deflate
{"date":"2021-09-21","destination":"OTJ","id":"pepe@pepe.pe1-0.1","origin":"LMA"}

21:25:24.669 [pool-1-thread-2] DEBUG com.intuit.karate - request:
1 > POST http://127.0.0.1:8900/user
1 > Content-Type: application/json; charset=UTF-8
1 > Content-Length: 58
1 > Host: 127.0.0.1:8900
1 > Connection: Keep-Alive
1 > User-Agent: Apache-HttpClient/4.5.13 (Java/1.8.0_301)
1 > Accept-Encoding: gzip,deflate
{"email":"jordon893@email.com","name":"Tanya Greenfelder"}

21:25:24.704 [pool-1-thread-1] DEBUG com.intuit.karate - response time in milliseconds: 34
1 < 201
1 < Content-Type: application/json;charset=UTF-8
1 < Transfer-Encoding: chunked
1 < Date: Tue, 21 Sep 2021 19:25:24 GMT
{"idBooking":"LMA-OTJ-0.9894632923235571","idUser":"pepe@pepe.pe1-0.1","origin":"LMA","destination":"OTJ","date":"2021-09-21"}
21:25:24.705 [pool-1-thread-4] DEBUG com.intuit.karate - response time in milliseconds: 34
1 < 200
1 < Content-Type: application/json;charset=UTF-8
1 < Transfer-Encoding: chunked
1 < Date: Tue, 21 Sep 2021 19:25:24 GMT
[{"idBooking":"ISE-YQM-0.2723601674221372","idUser":"pepe@pepe.pe1-0.1","origin":"ISE","destination":"YQM","date":"2021-09-21"},{"idBooking":"ASR-MMR-0.4448515920323687","idUser":"ismael507@email.com-0.3334483977546764","origin":"ASR","destination":"MMR","date":"2021-09-21"}]
21:25:24.704 [pool-1-thread-2] DEBUG com.intuit.karate - response time in milliseconds: 34
1 < 201
1 < Content-Type: application/json;charset=UTF-8
1 < Transfer-Encoding: chunked
1 < Date: Tue, 21 Sep 2021 19:25:24 GMT
{"email":"jordon893@email.com","name":"Tanya Greenfelder","id":"jordon893@email.com-0.9991404549854458","bookings":[]}
21:25:24.704 [pool-1-thread-5] DEBUG com.intuit.karate - response time in milliseconds: 34
1 < 200
1 < Content-Type: application/json;charset=UTF-8
1 < Transfer-Encoding: chunked
1 < Date: Tue, 21 Sep 2021 19:25:24 GMT
[{"idBooking":"ISE-YQM-0.2723601674221372","idUser":"pepe@pepe.pe1-0.1","origin":"ISE","destination":"YQM","date":"2021-09-21"}]
21:25:24.704 [pool-1-thread-3] DEBUG com.intuit.karate - response time in milliseconds: 34
1 < 200
1 < Content-Type: application/json;charset=UTF-8
1 < Transfer-Encoding: chunked
1 < Date: Tue, 21 Sep 2021 19:25:24 GMT
[{"idBooking":"ISE-YQM-0.2723601674221372","idUser":"pepe@pepe.pe1-0.1","origin":"ISE","destination":"YQM","date":"2021-09-21"}]
21:25:24.712 [pool-1-thread-2] DEBUG com.intuit.karate - request:
2 > POST http://127.0.0.1:8900/booking
2 > Content-Type: application/json; charset=UTF-8
2 > Content-Length: 102
2 > Host: 127.0.0.1:8900
2 > Connection: Keep-Alive
2 > User-Agent: Apache-HttpClient/4.5.13 (Java/1.8.0_301)
2 > Accept-Encoding: gzip,deflate
{"date":"2021-09-21","destination":"PRI","id":"jordon893@email.com-0.9991404549854458","origin":"TCR"}

21:25:24.718 [pool-1-thread-2] DEBUG com.intuit.karate - response time in milliseconds: 5
2 < 201
2 < Content-Type: application/json;charset=UTF-8
2 < Transfer-Encoding: chunked
2 < Date: Tue, 21 Sep 2021 19:25:24 GMT
{"idBooking":"TCR-PRI-0.6645788937119067","idUser":"jordon893@email.com-0.9991404549854458","origin":"TCR","destination":"PRI","date":"2021-09-21"}
21:25:24.730 [pool-1-thread-1] DEBUG com.intuit.karate - request:
2 > GET http://127.0.0.1:8900/booking?date=2021-09-21&id=pepe%40pepe.pe1-0.1
2 > Host: 127.0.0.1:8900
2 > Connection: Keep-Alive
2 > User-Agent: Apache-HttpClient/4.5.13 (Java/1.8.0_301)
2 > Accept-Encoding: gzip,deflate


21:25:24.730 [pool-1-thread-2] DEBUG com.intuit.karate - request:
3 > GET http://127.0.0.1:8900/booking?date=2021-09-21&id=jordon893%40email.com-0.9991404549854458
3 > Host: 127.0.0.1:8900
3 > Connection: Keep-Alive
3 > User-Agent: Apache-HttpClient/4.5.13 (Java/1.8.0_301)
3 > Accept-Encoding: gzip,deflate


21:25:24.735 [pool-1-thread-3] INFO  com.intuit.karate - karate.env system property was: null 
21:25:24.736 [pool-1-thread-4] INFO  com.intuit.karate - karate.env system property was: null 
21:25:24.736 [pool-1-thread-5] INFO  com.intuit.karate - karate.env system property was: null 
21:25:24.737 [pool-1-thread-2] DEBUG com.intuit.karate - response time in milliseconds: 6
3 < 200
3 < Content-Type: application/json;charset=UTF-8
3 < Transfer-Encoding: chunked
3 < Date: Tue, 21 Sep 2021 19:25:24 GMT
[{"idBooking":"TCR-PRI-0.6645788937119067","idUser":"jordon893@email.com-0.9991404549854458","origin":"TCR","destination":"PRI","date":"2021-09-21"}]
21:25:24.737 [pool-1-thread-1] DEBUG com.intuit.karate - response time in milliseconds: 7
2 < 200
2 < Content-Type: application/json;charset=UTF-8
2 < Transfer-Encoding: chunked
2 < Date: Tue, 21 Sep 2021 19:25:24 GMT
[{"idBooking":"ISE-YQM-0.2723601674221372","idUser":"pepe@pepe.pe1-0.1","origin":"ISE","destination":"YQM","date":"2021-09-21"},{"idBooking":"LMA-OTJ-0.9894632923235571","idUser":"pepe@pepe.pe1-0.1","origin":"LMA","destination":"OTJ","date":"2021-09-21"}]
21:25:24.743 [pool-1-thread-5] DEBUG com.intuit.karate - request:
1 > GET http://127.0.0.1:8900/booking
1 > Host: 127.0.0.1:8900
1 > Connection: Keep-Alive
1 > User-Agent: Apache-HttpClient/4.5.13 (Java/1.8.0_301)
1 > Accept-Encoding: gzip,deflate


21:25:24.743 [pool-1-thread-3] DEBUG com.intuit.karate - request:
1 > GET http://127.0.0.1:8900/booking?date=ABCD-09-19&id=pepe%40pepe.pe1-0.1
1 > Host: 127.0.0.1:8900
1 > Connection: Keep-Alive
1 > User-Agent: Apache-HttpClient/4.5.13 (Java/1.8.0_301)
1 > Accept-Encoding: gzip,deflate


21:25:24.747 [pool-1-thread-4] DEBUG com.intuit.karate - request:
1 > GET http://127.0.0.1:8900/booking?date=2021-0ABC9-19&id=pepe%40pepe.pe1-0.1
1 > Host: 127.0.0.1:8900
1 > Connection: Keep-Alive
1 > User-Agent: Apache-HttpClient/4.5.13 (Java/1.8.0_301)
1 > Accept-Encoding: gzip,deflate


21:25:24.747 [pool-1-thread-5] DEBUG com.intuit.karate - response time in milliseconds: 4
1 < 400
1 < Content-Type: text/plain;charset=UTF-8
1 < Content-Length: 30
1 < Date: Tue, 21 Sep 2021 19:25:24 GMT
1 < Connection: close
Bad request: date and id empty
21:25:24.748 [pool-1-thread-1] INFO  com.intuit.karate - karate.env system property was: null 
21:25:24.748 [pool-1-thread-2] INFO  com.intuit.karate - karate.env system property was: null 
21:25:24.753 [pool-1-thread-5] INFO  com.intuit.karate - karate.env system property was: null 
21:25:24.756 [pool-1-thread-1] DEBUG com.intuit.karate - request:
1 > GET http://127.0.0.1:8900/booking?date=2021-09-31&id=pepe%40pepe.pe1-0.1
1 > Host: 127.0.0.1:8900
1 > Connection: Keep-Alive
1 > User-Agent: Apache-HttpClient/4.5.13 (Java/1.8.0_301)
1 > Accept-Encoding: gzip,deflate


21:25:24.759 [pool-1-thread-2] DEBUG com.intuit.karate - request:
1 > GET http://127.0.0.1:8900/booking?date=2021-09-xyz19&id=pepe%40pepe.pe1-0.1
1 > Host: 127.0.0.1:8900
1 > Connection: Keep-Alive
1 > User-Agent: Apache-HttpClient/4.5.13 (Java/1.8.0_301)
1 > Accept-Encoding: gzip,deflate


21:25:24.760 [pool-1-thread-5] DEBUG com.intuit.karate - request:
1 > GET http://127.0.0.1:8900/booking?date=2021-13-15&id=pepe%40pepe.pe1-0.1
1 > Host: 127.0.0.1:8900
1 > Connection: Keep-Alive
1 > User-Agent: Apache-HttpClient/4.5.13 (Java/1.8.0_301)
1 > Accept-Encoding: gzip,deflate


21:25:24.768 [pool-1-thread-3] DEBUG com.intuit.karate - response time in milliseconds: 25
1 < 500
1 < Content-Type: application/json;charset=UTF-8
1 < Transfer-Encoding: chunked
1 < Date: Tue, 21 Sep 2021 19:25:24 GMT
1 < Connection: close
{"timestamp":"2021-09-21T19:25:24.767+0000","status":500,"error":"Internal Server Error","message":"Format date not valid","path":"/booking"}
21:25:24.772 [pool-1-thread-5] DEBUG com.intuit.karate - response time in milliseconds: 12
1 < 500
1 < Content-Type: application/json;charset=UTF-8
1 < Transfer-Encoding: chunked
1 < Date: Tue, 21 Sep 2021 19:25:24 GMT
1 < Connection: close
{"timestamp":"2021-09-21T19:25:24.771+0000","status":500,"error":"Internal Server Error","message":"Format date not valid","path":"/booking"}
21:25:24.774 [pool-1-thread-3] INFO  com.intuit.karate - karate.env system property was: null 
21:25:24.778 [pool-1-thread-5] INFO  com.intuit.karate - karate.env system property was: null 
21:25:24.779 [pool-1-thread-3] DEBUG com.intuit.karate - request:
1 > GET http://127.0.0.1:8900/booking?date=2021-09-19xyz&id=pepe%40pepe.pe1-0.1
1 > Host: 127.0.0.1:8900
1 > Connection: Keep-Alive
1 > User-Agent: Apache-HttpClient/4.5.13 (Java/1.8.0_301)
1 > Accept-Encoding: gzip,deflate


21:25:24.783 [pool-1-thread-3] DEBUG com.intuit.karate - response time in milliseconds: 4
1 < 200
1 < Content-Type: application/json;charset=UTF-8
1 < Transfer-Encoding: chunked
1 < Date: Tue, 21 Sep 2021 19:25:24 GMT
[]
21:25:24.784 [pool-1-thread-2] DEBUG com.intuit.karate - response time in milliseconds: 24
1 < 500
1 < Content-Type: application/json;charset=UTF-8
1 < Transfer-Encoding: chunked
1 < Date: Tue, 21 Sep 2021 19:25:24 GMT
1 < Connection: close
{"timestamp":"2021-09-21T19:25:24.781+0000","status":500,"error":"Internal Server Error","message":"Format date not valid","path":"/booking"}
21:25:24.787 [pool-1-thread-5] DEBUG com.intuit.karate - request:
1 > POST http://127.0.0.1:8900/booking
1 > Content-Type: application/json; charset=UTF-8
1 > Content-Length: 66
1 > Host: 127.0.0.1:8900
1 > Connection: Keep-Alive
1 > User-Agent: Apache-HttpClient/4.5.13 (Java/1.8.0_301)
1 > Accept-Encoding: gzip,deflate
{"date":"2021-09-21","destination":"ARN","id":null,"origin":"MAD"}

21:25:24.791 [pool-1-thread-3] INFO  com.intuit.karate - karate.env system property was: null 
21:25:24.792 [pool-1-thread-5] DEBUG com.intuit.karate - response time in milliseconds: 5
1 < 400
1 < Content-Type: text/plain;charset=UTF-8
1 < Content-Length: 23
1 < Date: Tue, 21 Sep 2021 19:25:24 GMT
1 < Connection: close
User id should be valid
21:25:24.793 [pool-1-thread-2] INFO  com.intuit.karate - karate.env system property was: null 
21:25:24.796 [pool-1-thread-3] DEBUG com.intuit.karate - request:
1 > POST http://127.0.0.1:8900/booking
1 > Content-Type: application/json; charset=UTF-8
1 > Content-Length: 73
1 > Host: 127.0.0.1:8900
1 > Connection: Keep-Alive
1 > User-Agent: Apache-HttpClient/4.5.13 (Java/1.8.0_301)
1 > Accept-Encoding: gzip,deflate
{"date":null,"destination":"ARN","id":"pepe@pepe.pe1-0.1","origin":"MAD"}

21:25:24.797 [pool-1-thread-5] INFO  com.intuit.karate - karate.env system property was: null 
21:25:24.799 [pool-1-thread-2] DEBUG com.intuit.karate - request:
1 > POST http://127.0.0.1:8900/booking
1 > Content-Type: application/json; charset=UTF-8
1 > Content-Length: 58
1 > Host: 127.0.0.1:8900
1 > Connection: Keep-Alive
1 > User-Agent: Apache-HttpClient/4.5.13 (Java/1.8.0_301)
1 > Accept-Encoding: gzip,deflate
{"date":null,"destination":"ARN","id":null,"origin":"MAD"}

21:25:24.800 [pool-1-thread-3] DEBUG com.intuit.karate - response time in milliseconds: 4
1 < 400
1 < Content-Type: text/plain;charset=UTF-8
1 < Content-Length: 21
1 < Date: Tue, 21 Sep 2021 19:25:24 GMT
1 < Connection: close
Date format not valid
21:25:24.802 [pool-1-thread-5] DEBUG com.intuit.karate - request:
1 > POST http://127.0.0.1:8900/booking
1 > Content-Type: application/json; charset=UTF-8
1 > Content-Length: 84
1 > Host: 127.0.0.1:8900
1 > Connection: Keep-Alive
1 > User-Agent: Apache-HttpClient/4.5.13 (Java/1.8.0_301)
1 > Accept-Encoding: gzip,deflate
{"date":"20ABC20-04-08","destination":"ARN","id":"pepe@pepe.pe1-0.1","origin":"MAD"}

21:25:24.804 [pool-1-thread-2] DEBUG com.intuit.karate - response time in milliseconds: 4
1 < 400
1 < Content-Type: text/plain;charset=UTF-8
1 < Content-Length: 21
1 < Date: Tue, 21 Sep 2021 19:25:24 GMT
1 < Connection: close
Date format not valid
21:25:24.805 [pool-1-thread-3] INFO  com.intuit.karate - karate.env system property was: null 
21:25:24.808 [pool-1-thread-1] DEBUG com.intuit.karate - response time in milliseconds: 52
1 < 500
1 < Content-Type: application/json;charset=UTF-8
1 < Transfer-Encoding: chunked
1 < Date: Tue, 21 Sep 2021 19:25:24 GMT
1 < Connection: close
{"timestamp":"2021-09-21T19:25:24.806+0000","status":500,"error":"Internal Server Error","message":"Format date not valid","path":"/booking"}
21:25:24.809 [pool-1-thread-2] INFO  com.intuit.karate - karate.env system property was: null 
21:25:24.810 [pool-1-thread-3] DEBUG com.intuit.karate - request:
1 > POST http://127.0.0.1:8900/booking
1 > Content-Type: application/json; charset=UTF-8
1 > Content-Length: 80
1 > Host: 127.0.0.1:8900
1 > Connection: Keep-Alive
1 > User-Agent: Apache-HttpClient/4.5.13 (Java/1.8.0_301)
1 > Accept-Encoding: gzip,deflate
{"date":"2021-09-21","destination":null,"id":"pepe@pepe.pe1-0.1","origin":"MAD"}

21:25:24.812 [pool-1-thread-1] INFO  com.intuit.karate - karate.env system property was: null 
21:25:24.813 [pool-1-thread-2] DEBUG com.intuit.karate - request:
1 > POST http://127.0.0.1:8900/booking
1 > Content-Type: application/json; charset=UTF-8
1 > Content-Length: 80
1 > Host: 127.0.0.1:8900
1 > Connection: Keep-Alive
1 > User-Agent: Apache-HttpClient/4.5.13 (Java/1.8.0_301)
1 > Accept-Encoding: gzip,deflate
{"date":"2021-09-21","destination":"ARN","id":"pepe@pepe.pe1-0.1","origin":null}

21:25:24.817 [pool-1-thread-1] DEBUG com.intuit.karate - request:
1 > POST http://127.0.0.1:8900/booking
1 > Content-Type: application/json; charset=UTF-8
1 > Content-Length: 73
1 > Host: 127.0.0.1:8900
1 > Connection: Keep-Alive
1 > User-Agent: Apache-HttpClient/4.5.13 (Java/1.8.0_301)
1 > Accept-Encoding: gzip,deflate
{"date":"2021-09-21","destination":"ARN","id":"XYZXYZXYZ","origin":"MAD"}

21:25:24.818 [pool-1-thread-4] DEBUG com.intuit.karate - response time in milliseconds: 71
1 < 500
1 < Content-Type: application/json;charset=UTF-8
1 < Transfer-Encoding: chunked
1 < Date: Tue, 21 Sep 2021 19:25:24 GMT
1 < Connection: close
{"timestamp":"2021-09-21T19:25:24.816+0000","status":500,"error":"Internal Server Error","message":"Format date not valid","path":"/booking"}
21:25:24.820 [pool-1-thread-3] DEBUG com.intuit.karate - response time in milliseconds: 10
1 < 500
1 < Content-Type: application/json;charset=UTF-8
1 < Transfer-Encoding: chunked
1 < Date: Tue, 21 Sep 2021 19:25:24 GMT
1 < Connection: close
{"timestamp":"2021-09-21T19:25:24.818+0000","status":500,"error":"Internal Server Error","message":"No message available","path":"/booking"}
21:25:24.823 [pool-1-thread-4] INFO  com.intuit.karate - karate.env system property was: null 
21:25:24.824 [pool-1-thread-2] DEBUG com.intuit.karate - response time in milliseconds: 11
1 < 500
1 < Content-Type: application/json;charset=UTF-8
1 < Transfer-Encoding: chunked
1 < Date: Tue, 21 Sep 2021 19:25:24 GMT
1 < Connection: close
{"timestamp":"2021-09-21T19:25:24.822+0000","status":500,"error":"Internal Server Error","message":"No message available","path":"/booking"}
21:25:24.824 [pool-1-thread-3] INFO  com.intuit.karate - karate.env system property was: null 
21:25:24.828 [pool-1-thread-4] DEBUG com.intuit.karate - request:
1 > POST http://127.0.0.1:8900/booking
1 > Content-Type: application/json; charset=UTF-8
1 > Content-Length: 82
1 > Host: 127.0.0.1:8900
1 > Connection: Keep-Alive
1 > User-Agent: Apache-HttpClient/4.5.13 (Java/1.8.0_301)
1 > Accept-Encoding: gzip,deflate
{"date":"2021-09-21","destination":"ABBA","id":"pepe@pepe.pe1-0.1","origin":"MAD"}

21:25:24.828 [pool-1-thread-2] INFO  com.intuit.karate - karate.env system property was: null 
21:25:24.828 [pool-1-thread-3] DEBUG com.intuit.karate - request:
1 > POST http://127.0.0.1:8900/booking
1 > Content-Type: application/json; charset=UTF-8
1 > Content-Length: 84
1 > Host: 127.0.0.1:8900
1 > Connection: Keep-Alive
1 > User-Agent: Apache-HttpClient/4.5.13 (Java/1.8.0_301)
1 > Accept-Encoding: gzip,deflate
{"date":"2021-09-21","destination":"ARN","id":"pepe@pepe.pe1-0.1","origin":"MADRID"}

21:25:24.830 [pool-1-thread-5] DEBUG com.intuit.karate - response time in milliseconds: 27
1 < 400
1 < Content-Type: text/plain;charset=UTF-8
1 < Content-Length: 21
1 < Date: Tue, 21 Sep 2021 19:25:24 GMT
1 < Connection: close
Date format not valid
21:25:24.830 [pool-1-thread-2] DEBUG com.intuit.karate - request:
1 > GET http://127.0.0.1:8900/booking
1 > Host: 127.0.0.1:8900
1 > Connection: Keep-Alive
1 > User-Agent: Apache-HttpClient/4.5.13 (Java/1.8.0_301)
1 > Accept-Encoding: gzip,deflate


21:25:24.832 [pool-1-thread-4] DEBUG com.intuit.karate - response time in milliseconds: 3
1 < 409
1 < Content-Type: text/plain;charset=UTF-8
1 < Content-Length: 66
1 < Date: Tue, 21 Sep 2021 19:25:24 GMT
Origin or Destination is not a IATA code (Three Uppercase Letters)
21:25:24.832 [pool-1-thread-3] DEBUG com.intuit.karate - response time in milliseconds: 3
1 < 409
1 < Content-Type: text/plain;charset=UTF-8
1 < Content-Length: 66
1 < Date: Tue, 21 Sep 2021 19:25:24 GMT
Origin or Destination is not a IATA code (Three Uppercase Letters)
21:25:24.834 [pool-1-thread-2] DEBUG com.intuit.karate - response time in milliseconds: 3
1 < 400
1 < Content-Type: text/plain;charset=UTF-8
1 < Content-Length: 30
1 < Date: Tue, 21 Sep 2021 19:25:24 GMT
1 < Connection: close
Bad request: date and id empty
21:25:24.835 [pool-1-thread-1] DEBUG com.intuit.karate - response time in milliseconds: 18
1 < 500
1 < Content-Type: application/json;charset=UTF-8
1 < Transfer-Encoding: chunked
1 < Date: Tue, 21 Sep 2021 19:25:24 GMT
1 < Connection: close
{"timestamp":"2021-09-21T19:25:24.833+0000","status":500,"error":"Internal Server Error","message":"could not execute statement; SQL [n/a]; constraint [\"FKTDE8EDPC976R2GJVN4RY5V9M7: PUBLIC.BOOKING FOREIGN KEY(ID_USER) REFERENCES PUBLIC.USER(ID) ('XYZXYZXYZ')\"; SQL statement:\ninsert into booking (date, destination, id_user, origin, id_booking) values (?, ?, ?, ?, ?) [23506-196]]; nested exception is org.hibernate.exception.ConstraintViolationException: could not execute statement","path":"/booking"}
21:25:24.835 [pool-1-thread-2] ERROR com.intuit.karate - classpath:examples/bookings/unclearbooking.feature:26
Then status 200
status code was: 400, expected: 200, response time in milliseconds: 3, url: http://127.0.0.1:8900/booking, response: 
Bad request: date and id empty
classpath:examples/bookings/unclearbooking.feature:26
21:25:24.837 [pool-1-thread-5] INFO  com.intuit.karate - karate.env system property was: null 
21:25:24.837 [pool-1-thread-4] INFO  com.intuit.karate - karate.env system property was: null 
21:25:24.837 [pool-1-thread-3] INFO  com.intuit.karate - karate.env system property was: null 
21:25:24.839 [pool-1-thread-2] INFO  com.intuit.karate - karate.env system property was: null 
21:25:24.839 [pool-1-thread-1] INFO  com.intuit.karate - karate.env system property was: null 
21:25:24.840 [pool-1-thread-5] DEBUG com.intuit.karate - request:
1 > GET http://127.0.0.1:8900/booking?date=2021-09-19xyz&id=pepe%40pepe.pe1-0.1
1 > Host: 127.0.0.1:8900
1 > Connection: Keep-Alive
1 > User-Agent: Apache-HttpClient/4.5.13 (Java/1.8.0_301)
1 > Accept-Encoding: gzip,deflate


21:25:24.840 [pool-1-thread-4] DEBUG com.intuit.karate - request:
1 > GET http://127.0.0.1:8900/user?id=pepe%40pepe.pe1-0.1
1 > Host: 127.0.0.1:8900
1 > Connection: Keep-Alive
1 > User-Agent: Apache-HttpClient/4.5.13 (Java/1.8.0_301)
1 > Accept-Encoding: gzip,deflate


21:25:24.846 [pool-1-thread-4] DEBUG com.intuit.karate - response time in milliseconds: 6
1 < 200
1 < Content-Type: application/json;charset=UTF-8
1 < Transfer-Encoding: chunked
1 < Date: Tue, 21 Sep 2021 19:25:24 GMT
{"email":"pepe@pepe.pe1","name":"pepe","id":"pepe@pepe.pe1-0.1","bookings":[{"idBooking":"ISE-YQM-0.2723601674221372","idUser":"pepe@pepe.pe1-0.1","origin":"ISE","destination":"YQM","date":"2021-09-21"},{"idBooking":"LMA-OTJ-0.9894632923235571","idUser":"pepe@pepe.pe1-0.1","origin":"LMA","destination":"OTJ","date":"2021-09-21"}]}
21:25:24.847 [pool-1-thread-5] DEBUG com.intuit.karate - response time in milliseconds: 7
1 < 200
1 < Content-Type: application/json;charset=UTF-8
1 < Transfer-Encoding: chunked
1 < Date: Tue, 21 Sep 2021 19:25:24 GMT
[]
21:25:24.847 [pool-1-thread-2] DEBUG com.intuit.karate - request:
1 > GET http://127.0.0.1:8900/user/all
1 > Host: 127.0.0.1:8900
1 > Connection: Keep-Alive
1 > User-Agent: Apache-HttpClient/4.5.13 (Java/1.8.0_301)
1 > Accept-Encoding: gzip,deflate


21:25:24.847 [pool-1-thread-5] ERROR com.intuit.karate - classpath:examples/bookings/unclearbooking.feature:56
Then status 500
status code was: 200, expected: 500, response time in milliseconds: 7, url: http://127.0.0.1:8900/booking?date=2021-09-19xyz&id=pepe%40pepe.pe1-0.1, response: 
[]
classpath:examples/bookings/unclearbooking.feature:56
21:25:24.851 [pool-1-thread-5] INFO  com.intuit.karate - karate.env system property was: null 
21:25:24.853 [pool-1-thread-5] DEBUG com.intuit.karate - request:
1 > GET http://127.0.0.1:8900/user?id=*5q%2F
1 > Host: 127.0.0.1:8900
1 > Connection: Keep-Alive
1 > User-Agent: Apache-HttpClient/4.5.13 (Java/1.8.0_301)
1 > Accept-Encoding: gzip,deflate


21:25:24.853 [pool-1-thread-4] INFO  com.intuit.karate - karate.env system property was: null 
21:25:24.857 [pool-1-thread-4] DEBUG com.intuit.karate - request:
1 > GET http://127.0.0.1:8900/user
1 > Host: 127.0.0.1:8900
1 > Connection: Keep-Alive
1 > User-Agent: Apache-HttpClient/4.5.13 (Java/1.8.0_301)
1 > Accept-Encoding: gzip,deflate


21:25:24.861 [pool-1-thread-5] DEBUG com.intuit.karate - response time in milliseconds: 8
1 < 404
1 < Content-Type: text/plain;charset=UTF-8
1 < Content-Length: 14
1 < Date: Tue, 21 Sep 2021 19:25:24 GMT
User not found
21:25:24.864 [pool-1-thread-4] DEBUG com.intuit.karate - response time in milliseconds: 7
1 < 500
1 < Content-Type: text/plain;charset=UTF-8
1 < Content-Length: 11
1 < Date: Tue, 21 Sep 2021 19:25:24 GMT
1 < Connection: close
ID erroneus
21:25:24.864 [pool-1-thread-2] DEBUG com.intuit.karate - response time in milliseconds: 17
1 < 200
1 < Content-Type: application/json;charset=UTF-8
1 < Transfer-Encoding: chunked
1 < Date: Tue, 21 Sep 2021 19:25:24 GMT
[{"email":"pepe@pepe.pe1","name":"pepe","id":"pepe@pepe.pe1-0.1","bookings":[{"idBooking":"LMA-OTJ-0.9894632923235571","idUser":"pepe@pepe.pe1-0.1","origin":"LMA","destination":"OTJ","date":"2021-09-21"},{"idBooking":"ISE-YQM-0.2723601674221372","idUser":"pepe@pepe.pe1-0.1","origin":"ISE","destination":"YQM","date":"2021-09-21"}]},{"email":"pepe@pepe.pe2","name":"pepe","id":"pepe@pepe.pe1-0.2","bookings":[]},{"email":"ismael507@email.com","name":"Angle Abbott","id":"ismael507@email.com-0.3334483977546764","bookings":[{"idBooking":"ASR-MMR-0.4448515920323687","idUser":"ismael507@email.com-0.3334483977546764","origin":"ASR","destination":"MMR","date":"2021-09-21"}]},{"email":"ouida902@email.com","name":"Mrs. Xuan Reichel","id":"ouida902@email.com-0.7040218228989568","bookings":[]},{"email":"jordon893@email.com","name":"Tanya Greenfelder","id":"jordon893@email.com-0.9991404549854458","bookings":[{"idBooking":"TCR-PRI-0.6645788937119067","idUser":"jordon893@email.com-0.9991404549854458","origin":"TCR","destination":"PRI","date":"2021-09-21"}]}]
21:25:24.868 [pool-1-thread-5] INFO  com.intuit.karate - karate.env system property was: null 
21:25:24.870 [pool-1-thread-4] INFO  com.intuit.karate - karate.env system property was: null 
21:25:24.874 [pool-1-thread-3] DEBUG com.intuit.karate - request:
1 > POST http://127.0.0.1:8900/user
1 > Content-Type: application/json; charset=UTF-8
1 > Content-Length: 74
1 > Host: 127.0.0.1:8900
1 > Connection: Keep-Alive
1 > User-Agent: Apache-HttpClient/4.5.13 (Java/1.8.0_301)
1 > Accept-Encoding: gzip,deflate
{"email":"IncorrectDateTestEmail@email.com","name":"Alejandrina Leuschke"}

21:25:24.875 [pool-1-thread-2] INFO  com.intuit.karate - karate.env system property was: null 
21:25:24.875 [pool-1-thread-5] DEBUG com.intuit.karate - request:
1 > POST http://127.0.0.1:8900/user
1 > Content-Type: application/json; charset=UTF-8
1 > Content-Length: 26
1 > Host: 127.0.0.1:8900
1 > Connection: Keep-Alive
1 > User-Agent: Apache-HttpClient/4.5.13 (Java/1.8.0_301)
1 > Accept-Encoding: gzip,deflate
{"email":"","name":"Karl"}

21:25:24.877 [pool-1-thread-4] DEBUG com.intuit.karate - request:
1 > POST http://127.0.0.1:8900/user
1 > Content-Type: application/json; charset=UTF-8
1 > Content-Length: 34
1 > Host: 127.0.0.1:8900
1 > Connection: Keep-Alive
1 > User-Agent: Apache-HttpClient/4.5.13 (Java/1.8.0_301)
1 > Accept-Encoding: gzip,deflate
{"email":"my@email.com","name":""}

21:25:24.879 [pool-1-thread-2] DEBUG com.intuit.karate - request:
1 > POST http://127.0.0.1:8900/user
1 > Content-Type: application/json; charset=UTF-8
1 > Content-Length: 22
1 > Host: 127.0.0.1:8900
1 > Connection: Keep-Alive
1 > User-Agent: Apache-HttpClient/4.5.13 (Java/1.8.0_301)
1 > Accept-Encoding: gzip,deflate
{"email":"","name":""}

21:25:24.879 [pool-1-thread-5] DEBUG com.intuit.karate - response time in milliseconds: 3
1 < 409
1 < Content-Type: text/plain;charset=UTF-8
1 < Content-Length: 12
1 < Date: Tue, 21 Sep 2021 19:25:24 GMT
Check fields
21:25:24.882 [pool-1-thread-2] DEBUG com.intuit.karate - response time in milliseconds: 3
1 < 409
1 < Content-Type: text/plain;charset=UTF-8
1 < Content-Length: 12
1 < Date: Tue, 21 Sep 2021 19:25:24 GMT
Check fields
21:25:24.885 [pool-1-thread-5] INFO  com.intuit.karate - karate.env system property was: null 
21:25:24.885 [pool-1-thread-4] DEBUG com.intuit.karate - response time in milliseconds: 8
1 < 409
1 < Content-Type: text/plain;charset=UTF-8
1 < Content-Length: 12
1 < Date: Tue, 21 Sep 2021 19:25:24 GMT
Check fields
21:25:24.887 [pool-1-thread-3] DEBUG com.intuit.karate - response time in milliseconds: 13
1 < 201
1 < Content-Type: application/json;charset=UTF-8
1 < Transfer-Encoding: chunked
1 < Date: Tue, 21 Sep 2021 19:25:24 GMT
{"email":"IncorrectDateTestEmail@email.com","name":"Alejandrina Leuschke","id":"IncorrectDateTestEmail@email.com-0.552965395665666","bookings":[]}
21:25:24.888 [pool-1-thread-2] INFO  com.intuit.karate - karate.env system property was: null 
21:25:24.888 [pool-1-thread-5] DEBUG com.intuit.karate - request:
1 > POST http://127.0.0.1:8900/user
1 > Content-Type: application/json; charset=UTF-8
1 > Content-Length: 38
1 > Host: 127.0.0.1:8900
1 > Connection: Keep-Alive
1 > User-Agent: Apache-HttpClient/4.5.13 (Java/1.8.0_301)
1 > Accept-Encoding: gzip,deflate
{"email":"my.email.com","name":"Karl"}

21:25:24.890 [pool-1-thread-3] DEBUG com.intuit.karate - request:
2 > POST http://127.0.0.1:8900/booking
2 > Content-Type: application/json; charset=UTF-8
2 > Content-Length: 118
2 > Host: 127.0.0.1:8900
2 > Connection: Keep-Alive
2 > User-Agent: Apache-HttpClient/4.5.13 (Java/1.8.0_301)
2 > Accept-Encoding: gzip,deflate
{"date":"2020-02-03 XXX","destination":"ARN","id":"IncorrectDateTestEmail@email.com-0.552965395665666","origin":"MAD"}

21:25:24.891 [pool-1-thread-1] DEBUG com.intuit.karate - request:
1 > POST http://127.0.0.1:8900/user
1 > Content-Type: application/json; charset=UTF-8
1 > Content-Length: 53
1 > Host: 127.0.0.1:8900
1 > Connection: Keep-Alive
1 > User-Agent: Apache-HttpClient/4.5.13 (Java/1.8.0_301)
1 > Accept-Encoding: gzip,deflate
{"email":"jules684@email.com","name":"Gayle Nicolas"}

21:25:24.894 [pool-1-thread-2] DEBUG com.intuit.karate - request:
1 > POST http://127.0.0.1:8900/user
1 > Host: 127.0.0.1:8900
1 > Connection: Keep-Alive
1 > User-Agent: Apache-HttpClient/4.5.13 (Java/1.8.0_301)
1 > Accept-Encoding: gzip,deflate


21:25:24.900 [pool-1-thread-3] DEBUG com.intuit.karate - response time in milliseconds: 7
2 < 201
2 < Content-Type: application/json;charset=UTF-8
2 < Transfer-Encoding: chunked
2 < Date: Tue, 21 Sep 2021 19:25:24 GMT
{"idBooking":"MAD-ARN-0.275751412266237","idUser":"IncorrectDateTestEmail@email.com-0.552965395665666","origin":"MAD","destination":"ARN","date":"2020-02-03 XXX"}
21:25:24.900 [pool-1-thread-3] ERROR com.intuit.karate - classpath:examples/bookings/unclearbooking.feature:87
Then status 400
status code was: 201, expected: 400, response time in milliseconds: 7, url: http://127.0.0.1:8900/booking, response: 
{"idBooking":"MAD-ARN-0.275751412266237","idUser":"IncorrectDateTestEmail@email.com-0.552965395665666","origin":"MAD","destination":"ARN","date":"2020-02-03 XXX"}
classpath:examples/bookings/unclearbooking.feature:87
21:25:24.901 [pool-1-thread-5] DEBUG com.intuit.karate - response time in milliseconds: 13
1 < 500
1 < Content-Type: application/json;charset=UTF-8
1 < Transfer-Encoding: chunked
1 < Date: Tue, 21 Sep 2021 19:25:24 GMT
1 < Connection: close
{"timestamp":"2021-09-21T19:25:24.898+0000","status":500,"error":"Internal Server Error","message":"malformed email","path":"/user"}
21:25:24.906 [pool-1-thread-1] DEBUG com.intuit.karate - response time in milliseconds: 13
1 < 201
1 < Content-Type: application/json;charset=UTF-8
1 < Transfer-Encoding: chunked
1 < Date: Tue, 21 Sep 2021 19:25:24 GMT
{"email":"jules684@email.com","name":"Gayle Nicolas","id":"jules684@email.com-0.39832311213823224","bookings":[]}
21:25:24.907 [pool-1-thread-2] DEBUG com.intuit.karate - response time in milliseconds: 13
1 < 400
1 < Content-Type: application/json;charset=UTF-8
1 < Transfer-Encoding: chunked
1 < Date: Tue, 21 Sep 2021 19:25:24 GMT
1 < Connection: close
{"timestamp":"2021-09-21T19:25:24.903+0000","status":400,"error":"Bad Request","message":"Required request body is missing: public restservice.entity.User restservice.controller.UserController.createUser(restservice.api.UserRequest) throws java.lang.Exception","path":"/user"}
21:25:24.909 [pool-1-thread-1] DEBUG com.intuit.karate - request:
2 > GET http://127.0.0.1:8900/user?id=jules684%40email.com-0.39832311213823224
2 > Host: 127.0.0.1:8900
2 > Connection: Keep-Alive
2 > User-Agent: Apache-HttpClient/4.5.13 (Java/1.8.0_301)
2 > Accept-Encoding: gzip,deflate


21:25:24.916 [pool-1-thread-1] DEBUG com.intuit.karate - response time in milliseconds: 6
2 < 200
2 < Content-Type: application/json;charset=UTF-8
2 < Transfer-Encoding: chunked
2 < Date: Tue, 21 Sep 2021 19:25:24 GMT
{"email":"jules684@email.com","name":"Gayle Nicolas","id":"jules684@email.com-0.39832311213823224","bookings":[]}
---------------------------------------------------------
feature: classpath:examples/bookings/bookings.feature
scenarios: 21 | passed: 21 | failed:  0 | time: 3,3016
---------------------------------------------------------

21:25:25.566 [pool-2-thread-1] INFO  com.intuit.karate.Suite - <<pass>> feature 1 of 3 (2 remaining) classpath:examples/bookings/bookings.feature
---------------------------------------------------------
feature: classpath:examples/bookings/unclearbooking.feature
scenarios:  3 | passed:  0 | failed:  3 | time: 0,0764
---------------------------------------------------------

21:25:25.609 [pool-2-thread-1] INFO  com.intuit.karate.Suite - <<fail>> feature 2 of 3 (1 remaining) classpath:examples/bookings/unclearbooking.feature
---------------------------------------------------------
feature: classpath:examples/users/users.feature
scenarios: 10 | passed: 10 | failed:  0 | time: 0,2110
---------------------------------------------------------

21:25:25.677 [pool-2-thread-1] INFO  com.intuit.karate.Suite - <<pass>> feature 3 of 3 (0 remaining) classpath:examples/users/users.feature
Karate version: 1.1.0
======================================================
elapsed:   2,62 | threads:    5 | thread time: 3,59 
features:     3 | skipped:    0 | efficiency: 0,27
scenarios:   34 | passed:    31 | failed: 3
======================================================
>>> failed features:
status code was: 400, expected: 200, response time in milliseconds: 3, url: http://127.0.0.1:8900/booking, response: 
Bad request: date and id empty
classpath:examples/bookings/unclearbooking.feature:26
status code was: 200, expected: 500, response time in milliseconds: 7, url: http://127.0.0.1:8900/booking?date=2021-09-19xyz&id=pepe%40pepe.pe1-0.1, response: 
[]
classpath:examples/bookings/unclearbooking.feature:56
status code was: 201, expected: 400, response time in milliseconds: 7, url: http://127.0.0.1:8900/booking, response: 
{"idBooking":"MAD-ARN-0.275751412266237","idUser":"IncorrectDateTestEmail@email.com-0.552965395665666","origin":"MAD","destination":"ARN","date":"2020-02-03 XXX"}
classpath:examples/bookings/unclearbooking.feature:87
<<<

HTML report: (paste into browser to view) | Karate version: 1.1.0
file:///C:/Users/charl/Documents/KarateGit/AppPerformanceTester/AppPerformanceTester/target/karate-reports/karate-summary.html
===================================================================

]]></system-out>
    <system-err><![CDATA[Sep 21, 2021 9:25:25 PM net.masterthought.cucumber.ReportParser parseJsonFiles
INFO: File 'C:\Users\charl\Documents\KarateGit\AppPerformanceTester\AppPerformanceTester\target\karate-reports\examples.bookings.bookings.json' contains 1 features
Sep 21, 2021 9:25:25 PM net.masterthought.cucumber.ReportParser parseJsonFiles
INFO: File 'C:\Users\charl\Documents\KarateGit\AppPerformanceTester\AppPerformanceTester\target\karate-reports\examples.bookings.unclearbooking.json' contains 1 features
Sep 21, 2021 9:25:25 PM net.masterthought.cucumber.ReportParser parseJsonFiles
INFO: File 'C:\Users\charl\Documents\KarateGit\AppPerformanceTester\AppPerformanceTester\target\karate-reports\examples.users.users.json' contains 1 features
]]></system-err>
  </testcase>
</testsuite>